[debug] [2026-03-06T17:44:57.548Z] ----------------------------------------------------------------------
[debug] [2026-03-06T17:44:57.552Z] Command:       C:\Program Files\nodejs\node.exe C:\Users\afons\AppData\Roaming\npm\node_modules\firebase-tools\lib\bin\firebase.js init hosting
[debug] [2026-03-06T17:44:57.552Z] CLI Version:   15.9.0
[debug] [2026-03-06T17:44:57.552Z] Platform:      win32
[debug] [2026-03-06T17:44:57.553Z] Node Version:  v24.14.0
[debug] [2026-03-06T17:44:57.553Z] Time:          Fri Mar 06 2026 14:44:57 GMT-0300 (Horário Padrão de Brasília)
[debug] [2026-03-06T17:44:57.553Z] ----------------------------------------------------------------------
[debug] 
[info] 
     ######## #### ########  ######## ########     ###     ######  ########
     ##        ##  ##     ## ##       ##     ##  ##   ##  ##       ##
     ######    ##  ########  ######   ########  #########  ######  ######
     ##        ##  ##    ##  ##       ##     ## ##     ##       ## ##
     ##       #### ##     ## ######## ########  ##     ##  ######  ########

You're about to initialize a Firebase project in this directory:

  G:\Meu Drive\ESTEMCO\Estemco-main

Before we get started, keep in mind:

  * You are initializing within an existing Firebase project directory

[info] 
=== Project Setup
[info] 
[info] First, let's associate this project directory with a Firebase project.
[info] You can create multiple project aliases by running firebase use --add, 
[info] 
[debug] [2026-03-06T17:45:07.105Z] > command requires scopes: ["email","openid","https://www.googleapis.com/auth/cloudplatformprojects.readonly","https://www.googleapis.com/auth/firebase","https://www.googleapis.com/auth/cloud-platform"]
[debug] [2026-03-06T17:45:07.106Z] > authorizing via signed-in user (afonso.franco18@gmail.com)
[debug] [2026-03-06T17:45:07.108Z] Checked if tokens are valid: false, expires at: 1772819159855
[debug] [2026-03-06T17:45:07.108Z] Checked if tokens are valid: false, expires at: 1772819159855
[debug] [2026-03-06T17:45:07.109Z] > refreshing access token with scopes: []
[debug] [2026-03-06T17:45:07.112Z] >>> [apiv2][query] POST https://www.googleapis.com/oauth2/v3/token [none]
[debug] [2026-03-06T17:45:07.112Z] >>> [apiv2][body] POST https://www.googleapis.com/oauth2/v3/token [omitted]
[debug] [2026-03-06T17:45:07.336Z] <<< [apiv2][status] POST https://www.googleapis.com/oauth2/v3/token 200
[debug] [2026-03-06T17:45:07.336Z] <<< [apiv2][body] POST https://www.googleapis.com/oauth2/v3/token [omitted]
[debug] [2026-03-06T17:45:07.345Z] >>> [apiv2][query] GET https://firebase.googleapis.com/v1beta1/projects/estemco [none]
[debug] [2026-03-06T17:45:07.952Z] <<< [apiv2][status] GET https://firebase.googleapis.com/v1beta1/projects/estemco 403
[debug] [2026-03-06T17:45:07.952Z] <<< [apiv2][body] GET https://firebase.googleapis.com/v1beta1/projects/estemco {"error":{"code":403,"message":"The caller does not have permission","status":"PERMISSION_DENIED"}}
[debug] [2026-03-06T17:45:07.953Z] Request to https://firebase.googleapis.com/v1beta1/projects/estemco had HTTP Error: 403, The caller does not have permission
[debug] [2026-03-06T17:45:07.954Z] FirebaseError: Request to https://firebase.googleapis.com/v1beta1/projects/estemco had HTTP Error: 403, The caller does not have permission
    at responseToError (C:\Users\afons\AppData\Roaming\npm\node_modules\firebase-tools\lib\responseToError.js:53:12)
    at RetryOperation._fn (C:\Users\afons\AppData\Roaming\npm\node_modules\firebase-tools\lib\apiv2.js:333:77)
    at process.processTicksAndRejections (node:internal/process/task_queues:104:5)
[error] 
[error] Error: Failed to get Firebase project estemco. Please make sure the project exists and your account has permission to access it.
[debug] [2026-03-06T17:45:50.034Z] ----------------------------------------------------------------------
[debug] [2026-03-06T17:45:50.037Z] Command:       C:\Program Files\nodejs\node.exe C:\Users\afons\AppData\Roaming\npm\node_modules\firebase-tools\lib\bin\firebase.js deploy --only hosting:estemco
[debug] [2026-03-06T17:45:50.038Z] CLI Version:   15.9.0
[debug] [2026-03-06T17:45:50.038Z] Platform:      win32
[debug] [2026-03-06T17:45:50.038Z] Node Version:  v24.14.0
[debug] [2026-03-06T17:45:50.038Z] Time:          Fri Mar 06 2026 14:45:50 GMT-0300 (Horário Padrão de Brasília)
[debug] [2026-03-06T17:45:50.038Z] ----------------------------------------------------------------------
[debug] 
[debug] [2026-03-06T17:45:51.560Z] > command requires scopes: ["email","openid","https://www.googleapis.com/auth/cloudplatformprojects.readonly","https://www.googleapis.com/auth/firebase","https://www.googleapis.com/auth/cloud-platform"]
[debug] [2026-03-06T17:45:51.561Z] > authorizing via signed-in user (afonso.franco18@gmail.com)
[debug] [2026-03-06T17:45:51.561Z] [iam] checking project estemco for permissions ["firebase.projects.get","firebasehosting.sites.update"]
[debug] [2026-03-06T17:45:51.562Z] Checked if tokens are valid: true, expires at: 1772822706336
[debug] [2026-03-06T17:45:51.562Z] Checked if tokens are valid: true, expires at: 1772822706336
[debug] [2026-03-06T17:45:51.564Z] >>> [apiv2][query] POST https://cloudresourcemanager.googleapis.com/v1/projects/estemco:testIamPermissions [none]
[debug] [2026-03-06T17:45:51.564Z] >>> [apiv2][(partial)header] POST https://cloudresourcemanager.googleapis.com/v1/projects/estemco:testIamPermissions  x-goog-user-project=estemco
[debug] [2026-03-06T17:45:51.564Z] >>> [apiv2][body] POST https://cloudresourcemanager.googleapis.com/v1/projects/estemco:testIamPermissions {"permissions":["firebase.projects.get","firebasehosting.sites.update"]}
[debug] [2026-03-06T17:45:52.619Z] <<< [apiv2][status] POST https://cloudresourcemanager.googleapis.com/v1/projects/estemco:testIamPermissions 400
[debug] [2026-03-06T17:45:52.619Z] <<< [apiv2][body] POST https://cloudresourcemanager.googleapis.com/v1/projects/estemco:testIamPermissions {"error":{"code":400,"message":"Project 'projects/estemco' not found or deleted.","status":"INVALID_ARGUMENT","details":[{"@type":"type.googleapis.com/google.rpc.ErrorInfo","reason":"USER_PROJECT_DENIED","domain":"googleapis.com","metadata":{"containerInfo":"projects/estemco","service":"cloudresourcemanager.googleapis.com","consumer":"projects/estemco"}}]}}
[debug] [2026-03-06T17:45:52.621Z] [iam] error while checking permissions, command may fail: Request to https://cloudresourcemanager.googleapis.com/v1/projects/estemco:testIamPermissions had HTTP Error: 400, Project 'projects/estemco' not found or deleted.
[debug] [2026-03-06T17:45:52.622Z] Checked if tokens are valid: true, expires at: 1772822706336
[debug] [2026-03-06T17:45:52.622Z] Checked if tokens are valid: true, expires at: 1772822706336
[debug] [2026-03-06T17:45:52.623Z] >>> [apiv2][query] GET https://firebase.googleapis.com/v1beta1/projects/estemco [none]
[debug] [2026-03-06T17:45:53.250Z] <<< [apiv2][status] GET https://firebase.googleapis.com/v1beta1/projects/estemco 403
[debug] [2026-03-06T17:45:53.250Z] <<< [apiv2][body] GET https://firebase.googleapis.com/v1beta1/projects/estemco {"error":{"code":403,"message":"The caller does not have permission","status":"PERMISSION_DENIED"}}
[debug] [2026-03-06T17:45:53.250Z] Request to https://firebase.googleapis.com/v1beta1/projects/estemco had HTTP Error: 403, The caller does not have permission
[debug] [2026-03-06T17:45:53.251Z] FirebaseError: Request to https://firebase.googleapis.com/v1beta1/projects/estemco had HTTP Error: 403, The caller does not have permission
    at responseToError (C:\Users\afons\AppData\Roaming\npm\node_modules\firebase-tools\lib\responseToError.js:53:12)
    at RetryOperation._fn (C:\Users\afons\AppData\Roaming\npm\node_modules\firebase-tools\lib\apiv2.js:333:77)
    at process.processTicksAndRejections (node:internal/process/task_queues:104:5)
[error] 
[error] Error: Failed to get Firebase project estemco. Please make sure the project exists and your account has permission to access it.
